16:51:12.597 [com.intuit.karate.cli.Main.main()] INFO  com.intuit.karate - Karate version: 1.4.1
16:51:13.175 [com.intuit.karate.cli.Main.main()] DEBUG com.intuit.karate.Suite - [config] classpath:karate-config.js
16:51:13.213 [com.intuit.karate.cli.Main.main()] INFO  c.intuit.karate.core.FeatureRuntime - found scenario at line: 6
16:51:15.546 [com.intuit.karate.cli.Main.main()] INFO  com.intuit.karate - karate.env system property was: null 
16:51:15.800 [com.intuit.karate.cli.Main.main()] DEBUG com.intuit.karate - request:
1 > GET https://api.realworld.io/api/tags
1 > Host: api.realworld.io
1 > Connection: Keep-Alive
1 > User-Agent: Apache-HttpClient/4.5.14 (Java/11.0.20)
1 > Accept-Encoding: gzip,deflate


16:51:17.165 [com.intuit.karate.cli.Main.main()] DEBUG com.intuit.karate - response time in milliseconds: 1355
1 < 200
1 < Date: Mon, 25 Dec 2023 09:51:16 GMT
1 < Content-Type: application/json; charset=utf-8
1 < Transfer-Encoding: chunked
1 < Connection: keep-alive
1 < Report-To: {"group":"heroku-nel","max_age":3600,"endpoints":[{"url":"https://nel.heroku.com/reports?ts=1703497876&sid=c46efe9b-d3d2-4a0c-8c76-bfafa16c5add&s=0vFdCZ2ws0%2BGhbze58UE7qs2f%2BrHKbIN1eDWji1xTrQ%3D"}]}
1 < Reporting-Endpoints: heroku-nel=https://nel.heroku.com/reports?ts=1703497876&sid=c46efe9b-d3d2-4a0c-8c76-bfafa16c5add&s=0vFdCZ2ws0%2BGhbze58UE7qs2f%2BrHKbIN1eDWji1xTrQ%3D
1 < Nel: {"report_to":"heroku-nel","max_age":3600,"success_fraction":0.005,"failure_fraction":0.05,"response_headers":["Via"]}
1 < X-Powered-By: Express
1 < Access-Control-Allow-Origin: *
1 < Etag: W/"76-Frx7q70rrmrTv50MB4MX2rP8Pic"
1 < Via: 1.1 vegur
1 < CF-Cache-Status: DYNAMIC
1 < Server: cloudflare
1 < CF-RAY: 83b02f3d9c009e26-SIN
1 < alt-svc: h3=":443"; ma=86400
{"tags":["welcome","implementations","introduction","codebaseShow","ipsum","et","cupiditate","qui","quia","deserunt"]}

16:51:18.140 [com.intuit.karate.cli.Main.main()] INFO  com.intuit.karate.Suite - <<pass>> feature 1 of 1 (0 remaining) src/test/java/conduitApp/feature/HomePage.feature
17:26:07.681 [main] DEBUG com.intuit.karate.Suite - [config] classpath:karate-config.js
17:26:09.743 [main] INFO  com.intuit.karate - karate.env system property was: null 
17:26:10.419 [main] DEBUG com.intuit.karate - request:
1 > GET https://api.realworld.io/api/tags
1 > Host: api.realworld.io
1 > Connection: Keep-Alive
1 > User-Agent: Apache-HttpClient/4.5.14 (Java/11.0.20)
1 > Accept-Encoding: gzip,deflate


17:26:12.035 [main] DEBUG com.intuit.karate - response time in milliseconds: 1609
1 < 200
1 < Date: Mon, 25 Dec 2023 10:26:12 GMT
1 < Content-Type: application/json; charset=utf-8
1 < Transfer-Encoding: chunked
1 < Connection: keep-alive
1 < Report-To: {"group":"heroku-nel","max_age":3600,"endpoints":[{"url":"https://nel.heroku.com/reports?ts=1703499971&sid=c46efe9b-d3d2-4a0c-8c76-bfafa16c5add&s=HYIXwM%2BAwfvd3FTtiWHZNIN3WmUwb3LL45gjTlUGNM4%3D"}]}
1 < Reporting-Endpoints: heroku-nel=https://nel.heroku.com/reports?ts=1703499971&sid=c46efe9b-d3d2-4a0c-8c76-bfafa16c5add&s=HYIXwM%2BAwfvd3FTtiWHZNIN3WmUwb3LL45gjTlUGNM4%3D
1 < Nel: {"report_to":"heroku-nel","max_age":3600,"success_fraction":0.005,"failure_fraction":0.05,"response_headers":["Via"]}
1 < X-Powered-By: Express
1 < Access-Control-Allow-Origin: *
1 < Etag: W/"76-Frx7q70rrmrTv50MB4MX2rP8Pic"
1 < Via: 1.1 vegur
1 < CF-Cache-Status: DYNAMIC
1 < Server: cloudflare
1 < CF-RAY: 83b062655eac40ef-SIN
1 < alt-svc: h3=":443"; ma=86400
{"tags":["welcome","implementations","introduction","codebaseShow","ipsum","et","cupiditate","qui","quia","deserunt"]}

18:20:26.353 [main] DEBUG com.intuit.karate.Suite - [config] classpath:karate-config.js
18:20:26.365 [main] INFO  com.intuit.karate.Suite - backed up existing 'target\karate-reports' dir to: target\karate-reports_1735298426361
18:20:26.376 [main] DEBUG com.intuit.karate.Suite - waiting for 2 features to complete
18:20:27.827 [pool-2-thread-3] INFO  com.intuit.karate - karate.env system property was: null 
18:20:27.827 [pool-2-thread-1] INFO  com.intuit.karate - karate.env system property was: null 
18:20:27.827 [pool-2-thread-2] INFO  com.intuit.karate - karate.env system property was: null 
18:20:28.339 [pool-2-thread-3] DEBUG com.intuit.karate - request:
1 > GET https://api.realworld.io/api/articles?offset=0&limit=10
1 > Host: api.realworld.io
1 > Connection: Keep-Alive
1 > User-Agent: Apache-HttpClient/4.5.14 (Java/11.0.20)
1 > Accept-Encoding: gzip,deflate


18:20:28.339 [pool-2-thread-2] DEBUG com.intuit.karate - request:
1 > GET https://api.realworld.io/api/tags
1 > Host: api.realworld.io
1 > Connection: Keep-Alive
1 > User-Agent: Apache-HttpClient/4.5.14 (Java/11.0.20)
1 > Accept-Encoding: gzip,deflate


18:20:28.340 [pool-2-thread-1] DEBUG com.intuit.karate - request:
1 > POST https://api.realworld.io/api/users/login
1 > Content-Type: application/json; charset=UTF-8
1 > Content-Length: 67
1 > Host: api.realworld.io
1 > Connection: Keep-Alive
1 > User-Agent: Apache-HttpClient/4.5.14 (Java/11.0.20)
1 > Accept-Encoding: gzip,deflate
{"user":{"email":"thuthudia123@gmail.com","password":"Aa123123@."}}

18:20:28.930 [pool-2-thread-2] DEBUG com.intuit.karate - response time in milliseconds: 585
1 < 530
1 < Date: Fri, 27 Dec 2024 11:20:28 GMT
1 < Content-Type: text/plain; charset=UTF-8
1 < Content-Length: 16
1 < Connection: keep-alive
1 < Report-To: {"endpoints":[{"url":"https:\/\/a.nel.cloudflare.com\/report\/v4?s=64bVsFNbWWyJ819pkV5e%2BO%2FuCUrLJfk%2FbuTZ0e8Mp8IXUCFzHUbzUBKDZrS%2B7eL9e2WJxo1AQLmEhcpWOc27Qu1MeM05jWk1U7m2jmKMqyCl1jZyGxs%2FhcegL0wgj4g%2FvMZd"}],"group":"cf-nel","max_age":604800}
1 < NEL: {"success_fraction":0,"report_to":"cf-nel","max_age":604800}
1 < X-Frame-Options: SAMEORIGIN
1 < Referrer-Policy: same-origin
1 < Cache-Control: private, max-age=0, no-store, no-cache, must-revalidate, post-check=0, pre-check=0
1 < Expires: Thu, 01 Jan 1970 00:00:01 GMT
1 < Server: cloudflare
1 < CF-RAY: 8f88ebe91df90399-HKG
1 < alt-svc: h3=":443"; ma=86400
1 < server-timing: cfL4;desc="?proto=TCP&rtt=40756&min_rtt=40640&rtt_var=15473&sent=7&recv=7&lost=0&retrans=0&sent_bytes=3116&recv_bytes=688&delivery_rate=100880&cwnd=252&unsent_bytes=0&cid=682caa26b175a11d&ts=258&x=0"
error code: 1016

18:20:28.930 [pool-2-thread-1] DEBUG com.intuit.karate - response time in milliseconds: 584
1 < 530
1 < Date: Fri, 27 Dec 2024 11:20:28 GMT
1 < Content-Type: text/plain; charset=UTF-8
1 < Content-Length: 16
1 < Connection: keep-alive
1 < Report-To: {"endpoints":[{"url":"https:\/\/a.nel.cloudflare.com\/report\/v4?s=jWgfqIx02F16VRSNCoFQlV6kr1g5wqLHtEU%2F%2Fjdk7Yj3NmUhi%2FSynoacOd%2FT9bGblHjMDIyK8an2ZF80TZ79HQtk4qBjEBgi3sZyNMYTzekWIGl%2BLnM%2BBw22o5ay%2Foa7WOnB"}],"group":"cf-nel","max_age":604800}
1 < NEL: {"success_fraction":0,"report_to":"cf-nel","max_age":604800}
1 < X-Frame-Options: SAMEORIGIN
1 < Referrer-Policy: same-origin
1 < Cache-Control: private, max-age=0, no-store, no-cache, must-revalidate, post-check=0, pre-check=0
1 < Expires: Thu, 01 Jan 1970 00:00:01 GMT
1 < Server: cloudflare
1 < CF-RAY: 8f88ebe91a760ecc-HKG
1 < alt-svc: h3=":443"; ma=86400
1 < server-timing: cfL4;desc="?proto=TCP&rtt=38365&min_rtt=38311&rtt_var=14475&sent=7&recv=7&lost=0&retrans=0&sent_bytes=3116&recv_bytes=830&delivery_rate=108240&cwnd=250&unsent_bytes=0&cid=ba07a41f7cb36fbd&ts=265&x=0"
error code: 1016

18:20:28.963 [pool-2-thread-2] ERROR com.intuit.karate - classpath:conduitApp/feature/HomePage.feature:10
Then status 200
status code was: 530, expected: 200, response time in milliseconds: 585, url: https://api.realworld.io/api/tags, response: 
error code: 1016
classpath:conduitApp/feature/HomePage.feature:10
18:20:28.963 [pool-2-thread-1] ERROR com.intuit.karate - classpath:conduitApp/feature/Article.feature:8
Then status 200
status code was: 530, expected: 200, response time in milliseconds: 584, url: https://api.realworld.io/api/users/login, response: 
error code: 1016
classpath:conduitApp/feature/Article.feature:8
18:20:29.109 [pool-2-thread-3] DEBUG com.intuit.karate - response time in milliseconds: 769
1 < 530
1 < Date: Fri, 27 Dec 2024 11:20:28 GMT
1 < Content-Type: text/plain; charset=UTF-8
1 < Content-Length: 16
1 < Connection: keep-alive
1 < Report-To: {"endpoints":[{"url":"https:\/\/a.nel.cloudflare.com\/report\/v4?s=92sWlP9fp4xBD29UfoCyGxYlJguvCqGvLx%2F4KvLvbjNeOThKbNhswsJFXF4EhWQnEETCyXBdL%2BS2qN0V0dXNVL2GgC9BxZ2Jv3K5DAB1EwUHeokUvTChI7l2iHzLdDIVcizI"}],"group":"cf-nel","max_age":604800}
1 < NEL: {"success_fraction":0,"report_to":"cf-nel","max_age":604800}
1 < X-Frame-Options: SAMEORIGIN
1 < Referrer-Policy: same-origin
1 < Cache-Control: private, max-age=0, no-store, no-cache, must-revalidate, post-check=0, pre-check=0
1 < Expires: Thu, 01 Jan 1970 00:00:01 GMT
1 < Server: cloudflare
1 < CF-RAY: 8f88ebe92a4509fc-HKG
1 < alt-svc: h3=":443"; ma=86400
1 < server-timing: cfL4;desc="?proto=TCP&rtt=193132&min_rtt=186938&rtt_var=82490&sent=5&recv=7&lost=0&retrans=0&sent_bytes=3116&recv_bytes=710&delivery_rate=17734&cwnd=252&unsent_bytes=0&cid=1feac84a66129bdb&ts=270&x=0"
error code: 1016

18:20:29.111 [pool-2-thread-3] ERROR com.intuit.karate - classpath:conduitApp/feature/HomePage.feature:21
Then status 200
status code was: 530, expected: 200, response time in milliseconds: 769, url: https://api.realworld.io/api/articles?offset=0&limit=10, response: 
error code: 1016
classpath:conduitApp/feature/HomePage.feature:21
18:20:29.753 [pool-3-thread-1] INFO  com.intuit.karate.Suite - <<fail>> feature 1 of 2 (1 remaining) classpath:conduitApp/feature/Article.feature
18:20:29.867 [pool-3-thread-1] INFO  com.intuit.karate.Suite - <<fail>> feature 2 of 2 (0 remaining) classpath:conduitApp/feature/HomePage.feature
